<?xml version="1.0" encoding="UTF-8"?>
<!-- Generated by org.testng.reporters.JUnitReportReporter -->
<testsuite skipped="0" hostname="DESKTOP-O2O5M5N" name="Automation.TakeScreenShots" tests="1" failures="0" timestamp="13 Aug 2019 08:03:58 GMT" time="8.196" errors="0">
  <testcase name="takeScreenshot" time="8.196" classname="Automation.TakeScreenShots"/>
</testsuite> <!-- Automation.TakeScreenShots -->
