<?xml version="1.0" encoding="UTF-8"?>
<!-- Generated by org.testng.reporters.JUnitReportReporter -->
<testsuite skipped="0" hostname="DESKTOP-O2O5M5N" name="com.qa.dataprovider.FreeCRMTest" tests="1" failures="0" timestamp="06 Oct 2019 00:54:32 GMT" time="29.494" errors="0">
  <testcase name="test" time="29.494" classname="com.qa.dataprovider.FreeCRMTest"/>
</testsuite> <!-- com.qa.dataprovider.FreeCRMTest -->
